{"synthetic": false,
 "outputs":
 {"o": ["16555976949775536194"],
  "i": "16953853349170232770",
  "c": "9301133499964408530"},
 "log":
 [{"message":
   ".> LEAN_PATH=/Users/jonathanwashburn/Documents/T9 Copy - August 29/Cursor-Active/dna-lean/RS/.lake/packages/Cli/.lake/build/lib/lean:/Users/jonathanwashburn/Documents/T9 Copy - August 29/Cursor-Active/dna-lean/RS/.lake/packages/batteries/.lake/build/lib/lean:/Users/jonathanwashburn/Documents/T9 Copy - August 29/Cursor-Active/dna-lean/RS/.lake/packages/Qq/.lake/build/lib/lean:/Users/jonathanwashburn/Documents/T9 Copy - August 29/Cursor-Active/dna-lean/RS/.lake/packages/aesop/.lake/build/lib/lean:/Users/jonathanwashburn/Documents/T9 Copy - August 29/Cursor-Active/dna-lean/RS/.lake/packages/proofwidgets/.lake/build/lib/lean:/Users/jonathanwashburn/Documents/T9 Copy - August 29/Cursor-Active/dna-lean/RS/.lake/packages/importGraph/.lake/build/lib/lean:/Users/jonathanwashburn/Documents/T9 Copy - August 29/Cursor-Active/dna-lean/RS/.lake/packages/LeanSearchClient/.lake/build/lib/lean:/Users/jonathanwashburn/Documents/T9 Copy - August 29/Cursor-Active/dna-lean/RS/.lake/packages/plausible/.lake/build/lib/lean:/Users/jonathanwashburn/Documents/T9 Copy - August 29/Cursor-Active/dna-lean/RS/.lake/packages/mathlib/.lake/build/lib/lean:/Users/jonathanwashburn/Documents/T9 Copy - August 29/Cursor-Active/dna-lean/RS/.lake/build/lib/lean /Users/jonathanwashburn/.elan/toolchains/leanprover--lean4---v4.23.0-rc2/bin/lean /Users/jonathanwashburn/Documents/T9 Copy - August 29/Cursor-Active/dna-lean/RS/Manifest.lean -o /Users/jonathanwashburn/Documents/T9 Copy - August 29/Cursor-Active/dna-lean/RS/.lake/build/lib/lean/Manifest.olean -i /Users/jonathanwashburn/Documents/T9 Copy - August 29/Cursor-Active/dna-lean/RS/.lake/build/lib/lean/Manifest.ilean -c /Users/jonathanwashburn/Documents/T9 Copy - August 29/Cursor-Active/dna-lean/RS/.lake/build/ir/Manifest.c --setup /Users/jonathanwashburn/Documents/T9 Copy - August 29/Cursor-Active/dna-lean/RS/.lake/build/ir/Manifest.setup.json --json",
   "level": "trace"}],
 "inputs":
 [["Manifest:deps",
   [["deps",
     [["RecognitionScience/Manifest:extraDep",
       [["@RecognitionScience:extraDep", "1723"]]],
      ["imports",
       [["Manifest.Basic transitive imports (legacy)", "7109905610570427545"],
        ["Manifest.Basic:importAllArts", "85432452663140349"]]]]],
    ["libs",
     [["import dynlibs", "1723"],
      ["package external libraries", "1723"],
      ["module dynlibs", "1723"],
      ["module plugins", "1723"]]]]],
  ["Lean 4.23.0, commit ad1a017949674a947f0d6794cbf7130d642c6530",
   "2372534101328293747"],
  ["/Users/jonathanwashburn/Documents/T9 Copy - August 29/Cursor-Active/dna-lean/RS/Manifest.lean",
   "7065574086665336574"],
  ["options", "1723"],
  ["Module.leanArgs: #[]", "1723"]],
 "depHash": "14468163810723850481"}